<?xml version="1.0"?>
<!DOCTYPE coverage SYSTEM "http://cobertura.sourceforge.net/xml/coverage-04.dtd">

<coverage line-rate="0.2292768959435626" branch-rate="0.22065727699530516" lines-covered="130" lines-valid="567" branches-covered="47" branches-valid="213" complexity="2.3904761904761904" version="1.9.4.1" timestamp="1606523702584">
	<sources>
		<source>/tmp/japicmp/japicmp/src/main/java</source>
		<source>--source</source>
	</sources>
	<packages>
		<package name="japicmp" line-rate="0.0" branch-rate="0.0" complexity="3.4285714285714284">
			<classes>
				<class name="japicmp.JApiCmp" filename="japicmp/JApiCmp.java" line-rate="0.0" branch-rate="0.0" complexity="3.4285714285714284">
					<methods>
						<method name="&lt;init&gt;" signature="()V" line-rate="0.0" branch-rate="1.0">
							<lines>
								<line number="18" hits="0" branch="false"/>
							</lines>
						</method>
						<method name="copyOptions" signature="(Ljapicmp/config/Options;Ljapicmp/cmp/JarArchiveComparatorOptions;)V" line-rate="0.0" branch-rate="1.0">
							<lines>
								<line number="48" hits="0" branch="false"/>
								<line number="49" hits="0" branch="false"/>
								<line number="50" hits="0" branch="false"/>
								<line number="51" hits="0" branch="false"/>
							</lines>
						</method>
						<method name="generateOutput" signature="(Ljapicmp/config/Options;Ljava/io/File;Ljava/io/File;Ljava/util/List;)V" line-rate="0.0" branch-rate="0.0">
							<lines>
								<line number="54" hits="0" branch="false"/>
								<line number="55" hits="0" branch="true" condition-coverage="0% (0/2)">
									<conditions>
										<condition number="0" type="jump" coverage="0%"/>
									</conditions>
								</line>
								<line number="56" hits="0" branch="false"/>
								<line number="57" hits="0" branch="false"/>
								<line number="59" hits="0" branch="false"/>
								<line number="60" hits="0" branch="false"/>
								<line number="61" hits="0" branch="false"/>
								<line number="62" hits="0" branch="false"/>
							</lines>
						</method>
						<method name="main" signature="([Ljava/lang/String;)V" line-rate="0.0" branch-rate="0.0">
							<lines>
								<line number="22" hits="0" branch="false"/>
								<line number="23" hits="0" branch="false"/>
								<line number="24" hits="0" branch="false"/>
								<line number="25" hits="0" branch="true" condition-coverage="0% (0/2)">
									<conditions>
										<condition number="0" type="jump" coverage="0%"/>
									</conditions>
								</line>
								<line number="26" hits="0" branch="false"/>
								<line number="27" hits="0" branch="false"/>
								<line number="29" hits="0" branch="false"/>
								<line number="30" hits="0" branch="false"/>
								<line number="31" hits="0" branch="false"/>
								<line number="32" hits="0" branch="false"/>
								<line number="33" hits="0" branch="false"/>
							</lines>
						</method>
						<method name="parseCliOptions" signature="([Ljava/lang/String;)Ljapicmp/config/Options;" line-rate="0.0" branch-rate="1.0">
							<lines>
								<line number="66" hits="0" branch="false"/>
								<line number="67" hits="0" branch="false"/>
								<line number="68" hits="0" branch="false"/>
								<line number="69" hits="0" branch="false"/>
								<line number="70" hits="0" branch="false"/>
								<line number="71" hits="0" branch="false"/>
							</lines>
						</method>
						<method name="run" signature="([Ljava/lang/String;)V" line-rate="0.0" branch-rate="1.0">
							<lines>
								<line number="36" hits="0" branch="false"/>
								<line number="37" hits="0" branch="false"/>
								<line number="38" hits="0" branch="false"/>
								<line number="39" hits="0" branch="false"/>
								<line number="40" hits="0" branch="false"/>
								<line number="41" hits="0" branch="false"/>
								<line number="42" hits="0" branch="false"/>
								<line number="43" hits="0" branch="false"/>
								<line number="44" hits="0" branch="false"/>
								<line number="45" hits="0" branch="false"/>
							</lines>
						</method>
						<method name="verifyFiles" signature="(Ljava/io/File;Ljava/io/File;)V" line-rate="0.0" branch-rate="0.0">
							<lines>
								<line number="76" hits="0" branch="true" condition-coverage="0% (0/2)">
									<conditions>
										<condition number="0" type="jump" coverage="0%"/>
									</conditions>
								</line>
								<line number="77" hits="0" branch="false"/>
								<line number="78" hits="0" branch="false"/>
								<line number="80" hits="0" branch="true" condition-coverage="0% (0/2)">
									<conditions>
										<condition number="0" type="jump" coverage="0%"/>
									</conditions>
								</line>
								<line number="81" hits="0" branch="false"/>
								<line number="82" hits="0" branch="false"/>
								<line number="84" hits="0" branch="true" condition-coverage="0% (0/2)">
									<conditions>
										<condition number="0" type="jump" coverage="0%"/>
									</conditions>
								</line>
								<line number="85" hits="0" branch="false"/>
								<line number="86" hits="0" branch="false"/>
								<line number="88" hits="0" branch="false"/>
								<line number="89" hits="0" branch="false"/>
								<line number="90" hits="0" branch="false"/>
							</lines>
						</method>
						<method name="verifyJarArchive" signature="(Ljava/io/File;)V" line-rate="0.0" branch-rate="1.0">
							<lines>
								<line number="94" hits="0" branch="false"/>
								<line number="95" hits="0" branch="false"/>
								<line number="96" hits="0" branch="false"/>
								<line number="97" hits="0" branch="false"/>
								<line number="98" hits="0" branch="false"/>
								<line number="99" hits="0" branch="false"/>
							</lines>
						</method>
					</methods>
					<lines>
						<line number="18" hits="0" branch="false"/>
						<line number="22" hits="0" branch="false"/>
						<line number="23" hits="0" branch="false"/>
						<line number="24" hits="0" branch="false"/>
						<line number="25" hits="0" branch="true" condition-coverage="0% (0/2)">
							<conditions>
								<condition number="0" type="jump" coverage="0%"/>
							</conditions>
						</line>
						<line number="26" hits="0" branch="false"/>
						<line number="27" hits="0" branch="false"/>
						<line number="29" hits="0" branch="false"/>
						<line number="30" hits="0" branch="false"/>
						<line number="31" hits="0" branch="false"/>
						<line number="32" hits="0" branch="false"/>
						<line number="33" hits="0" branch="false"/>
						<line number="36" hits="0" branch="false"/>
						<line number="37" hits="0" branch="false"/>
						<line number="38" hits="0" branch="false"/>
						<line number="39" hits="0" branch="false"/>
						<line number="40" hits="0" branch="false"/>
						<line number="41" hits="0" branch="false"/>
						<line number="42" hits="0" branch="false"/>
						<line number="43" hits="0" branch="false"/>
						<line number="44" hits="0" branch="false"/>
						<line number="45" hits="0" branch="false"/>
						<line number="48" hits="0" branch="false"/>
						<line number="49" hits="0" branch="false"/>
						<line number="50" hits="0" branch="false"/>
						<line number="51" hits="0" branch="false"/>
						<line number="54" hits="0" branch="false"/>
						<line number="55" hits="0" branch="true" condition-coverage="0% (0/2)">
							<conditions>
								<condition number="0" type="jump" coverage="0%"/>
							</conditions>
						</line>
						<line number="56" hits="0" branch="false"/>
						<line number="57" hits="0" branch="false"/>
						<line number="59" hits="0" branch="false"/>
						<line number="60" hits="0" branch="false"/>
						<line number="61" hits="0" branch="false"/>
						<line number="62" hits="0" branch="false"/>
						<line number="66" hits="0" branch="false"/>
						<line number="67" hits="0" branch="false"/>
						<line number="68" hits="0" branch="false"/>
						<line number="69" hits="0" branch="false"/>
						<line number="70" hits="0" branch="false"/>
						<line number="71" hits="0" branch="false"/>
						<line number="76" hits="0" branch="true" condition-coverage="0% (0/2)">
							<conditions>
								<condition number="0" type="jump" coverage="0%"/>
							</conditions>
						</line>
						<line number="77" hits="0" branch="false"/>
						<line number="78" hits="0" branch="false"/>
						<line number="80" hits="0" branch="true" condition-coverage="0% (0/2)">
							<conditions>
								<condition number="0" type="jump" coverage="0%"/>
							</conditions>
						</line>
						<line number="81" hits="0" branch="false"/>
						<line number="82" hits="0" branch="false"/>
						<line number="84" hits="0" branch="true" condition-coverage="0% (0/2)">
							<conditions>
								<condition number="0" type="jump" coverage="0%"/>
							</conditions>
						</line>
						<line number="85" hits="0" branch="false"/>
						<line number="86" hits="0" branch="false"/>
						<line number="88" hits="0" branch="false"/>
						<line number="89" hits="0" branch="false"/>
						<line number="90" hits="0" branch="false"/>
						<line number="94" hits="0" branch="false"/>
						<line number="95" hits="0" branch="false"/>
						<line number="96" hits="0" branch="false"/>
						<line number="97" hits="0" branch="false"/>
						<line number="98" hits="0" branch="false"/>
						<line number="99" hits="0" branch="false"/>
					</lines>
				</class>
			</classes>
		</package>
		<package name="japicmp.cli" line-rate="0.41333333333333333" branch-rate="0.5526315789473685" complexity="7.2">
			<classes>
				<class name="japicmp.cli.CliParser" filename="japicmp/cli/CliParser.java" line-rate="0.41333333333333333" branch-rate="0.5526315789473685" complexity="7.2">
					<methods>
						<method name="&lt;init&gt;" signature="()V" line-rate="1.0" branch-rate="1.0">
							<lines>
								<line number="10" hits="3" branch="false"/>
							</lines>
						</method>
						<method name="checkForMandatoryOptions" signature="(Ljapicmp/config/Options;)V" line-rate="0.6" branch-rate="0.5">
							<lines>
								<line number="87" hits="2" branch="true" condition-coverage="50% (2/4)">
									<conditions>
										<condition number="0" type="jump" coverage="50%"/>
										<condition number="1" type="jump" coverage="50%"/>
									</conditions>
								</line>
								<line number="88" hits="0" branch="false"/>
								<line number="90" hits="2" branch="true" condition-coverage="50% (2/4)">
									<conditions>
										<condition number="0" type="jump" coverage="50%"/>
										<condition number="1" type="jump" coverage="50%"/>
									</conditions>
								</line>
								<line number="91" hits="0" branch="false"/>
								<line number="93" hits="2" branch="false"/>
							</lines>
						</method>
						<method name="getOptionWithArgument" signature="(Ljava/lang/String;Ljapicmp/util/StringArrayEnumeration;)Ljava/lang/String;" line-rate="0.8333333333333334" branch-rate="0.75">
							<lines>
								<line number="96" hits="6" branch="true" condition-coverage="50% (1/2)">
									<conditions>
										<condition number="0" type="jump" coverage="50%"/>
									</conditions>
								</line>
								<line number="97" hits="6" branch="false"/>
								<line number="98" hits="6" branch="true" condition-coverage="100% (2/2)">
									<conditions>
										<condition number="0" type="jump" coverage="100%"/>
									</conditions>
								</line>
								<line number="99" hits="1" branch="false"/>
								<line number="101" hits="5" branch="false"/>
								<line number="103" hits="0" branch="false"/>
							</lines>
						</method>
						<method name="listOfAccessModifiers" signature="()Ljava/lang/String;" line-rate="0.0" branch-rate="0.0">
							<lines>
								<line number="108" hits="0" branch="false"/>
								<line number="109" hits="0" branch="false"/>
								<line number="110" hits="0" branch="true" condition-coverage="0% (0/2)">
									<conditions>
										<condition number="0" type="jump" coverage="0%"/>
									</conditions>
								</line>
								<line number="111" hits="0" branch="true" condition-coverage="0% (0/2)">
									<conditions>
										<condition number="0" type="jump" coverage="0%"/>
									</conditions>
								</line>
								<line number="112" hits="0" branch="false"/>
								<line number="114" hits="0" branch="false"/>
								<line number="115" hits="0" branch="false"/>
								<line number="117" hits="0" branch="false"/>
							</lines>
						</method>
						<method name="parse" signature="([Ljava/lang/String;)Ljapicmp/config/Options;" line-rate="0.4888888888888889" branch-rate="0.6363636363636364">
							<lines>
								<line number="13" hits="3" branch="false"/>
								<line number="14" hits="3" branch="false"/>
								<line number="15" hits="9" branch="true" condition-coverage="100% (2/2)">
									<conditions>
										<condition number="0" type="jump" coverage="100%"/>
									</conditions>
								</line>
								<line number="16" hits="7" branch="false"/>
								<line number="17" hits="7" branch="true" condition-coverage="100% (2/2)">
									<conditions>
										<condition number="0" type="jump" coverage="100%"/>
									</conditions>
								</line>
								<line number="18" hits="3" branch="false"/>
								<line number="19" hits="2" branch="false"/>
								<line number="21" hits="6" branch="true" condition-coverage="100% (2/2)">
									<conditions>
										<condition number="0" type="jump" coverage="100%"/>
									</conditions>
								</line>
								<line number="22" hits="2" branch="false"/>
								<line number="23" hits="2" branch="false"/>
								<line number="25" hits="6" branch="true" condition-coverage="100% (2/2)">
									<conditions>
										<condition number="0" type="jump" coverage="100%"/>
									</conditions>
								</line>
								<line number="26" hits="1" branch="false"/>
								<line number="27" hits="1" branch="false"/>
								<line number="29" hits="6" branch="true" condition-coverage="100% (2/2)">
									<conditions>
										<condition number="0" type="jump" coverage="100%"/>
									</conditions>
								</line>
								<line number="30" hits="1" branch="false"/>
								<line number="32" hits="6" branch="true" condition-coverage="50% (1/2)">
									<conditions>
										<condition number="0" type="jump" coverage="50%"/>
									</conditions>
								</line>
								<line number="33" hits="0" branch="false"/>
								<line number="35" hits="0" branch="false"/>
								<line number="36" hits="0" branch="false"/>
								<line number="37" hits="0" branch="false"/>
								<line number="38" hits="0" branch="false"/>
								<line number="39" hits="0" branch="false"/>
								<line number="41" hits="6" branch="true" condition-coverage="50% (1/2)">
									<conditions>
										<condition number="0" type="jump" coverage="50%"/>
									</conditions>
								</line>
								<line number="42" hits="0" branch="false"/>
								<line number="43" hits="0" branch="false"/>
								<line number="44" hits="0" branch="true" condition-coverage="0% (0/2)">
									<conditions>
										<condition number="0" type="jump" coverage="0%"/>
									</conditions>
								</line>
								<line number="45" hits="0" branch="false"/>
								<line number="47" hits="0" branch="false"/>
								<line number="48" hits="0" branch="false"/>
								<line number="49" hits="0" branch="false"/>
								<line number="50" hits="0" branch="false"/>
								<line number="53" hits="6" branch="true" condition-coverage="50% (1/2)">
									<conditions>
										<condition number="0" type="jump" coverage="50%"/>
									</conditions>
								</line>
								<line number="54" hits="0" branch="false"/>
								<line number="55" hits="0" branch="false"/>
								<line number="56" hits="0" branch="true" condition-coverage="0% (0/2)">
									<conditions>
										<condition number="0" type="jump" coverage="0%"/>
									</conditions>
								</line>
								<line number="57" hits="0" branch="false"/>
								<line number="59" hits="0" branch="false"/>
								<line number="60" hits="0" branch="false"/>
								<line number="61" hits="0" branch="false"/>
								<line number="62" hits="0" branch="false"/>
								<line number="65" hits="6" branch="true" condition-coverage="50% (1/2)">
									<conditions>
										<condition number="0" type="jump" coverage="50%"/>
									</conditions>
								</line>
								<line number="66" hits="0" branch="false"/>
								<line number="68" hits="6" branch="false"/>
								<line number="69" hits="2" branch="false"/>
								<line number="70" hits="2" branch="false"/>
							</lines>
						</method>
						<method name="printHelp" signature="()V" line-rate="0.0" branch-rate="1.0">
							<lines>
								<line number="74" hits="0" branch="false"/>
								<line number="75" hits="0" branch="false"/>
								<line number="76" hits="0" branch="false"/>
								<line number="77" hits="0" branch="false"/>
								<line number="78" hits="0" branch="false"/>
								<line number="79" hits="0" branch="false"/>
								<line number="80" hits="0" branch="false"/>
								<line number="81" hits="0" branch="false"/>
								<line number="82" hits="0" branch="false"/>
								<line number="83" hits="0" branch="false"/>
							</lines>
						</method>
					</methods>
					<lines>
						<line number="10" hits="3" branch="false"/>
						<line number="13" hits="3" branch="false"/>
						<line number="14" hits="3" branch="false"/>
						<line number="15" hits="9" branch="true" condition-coverage="100% (2/2)">
							<conditions>
								<condition number="0" type="jump" coverage="100%"/>
							</conditions>
						</line>
						<line number="16" hits="7" branch="false"/>
						<line number="17" hits="7" branch="true" condition-coverage="100% (2/2)">
							<conditions>
								<condition number="0" type="jump" coverage="100%"/>
							</conditions>
						</line>
						<line number="18" hits="3" branch="false"/>
						<line number="19" hits="2" branch="false"/>
						<line number="21" hits="6" branch="true" condition-coverage="100% (2/2)">
							<conditions>
								<condition number="0" type="jump" coverage="100%"/>
							</conditions>
						</line>
						<line number="22" hits="2" branch="false"/>
						<line number="23" hits="2" branch="false"/>
						<line number="25" hits="6" branch="true" condition-coverage="100% (2/2)">
							<conditions>
								<condition number="0" type="jump" coverage="100%"/>
							</conditions>
						</line>
						<line number="26" hits="1" branch="false"/>
						<line number="27" hits="1" branch="false"/>
						<line number="29" hits="6" branch="true" condition-coverage="100% (2/2)">
							<conditions>
								<condition number="0" type="jump" coverage="100%"/>
							</conditions>
						</line>
						<line number="30" hits="1" branch="false"/>
						<line number="32" hits="6" branch="true" condition-coverage="50% (1/2)">
							<conditions>
								<condition number="0" type="jump" coverage="50%"/>
							</conditions>
						</line>
						<line number="33" hits="0" branch="false"/>
						<line number="35" hits="0" branch="false"/>
						<line number="36" hits="0" branch="false"/>
						<line number="37" hits="0" branch="false"/>
						<line number="38" hits="0" branch="false"/>
						<line number="39" hits="0" branch="false"/>
						<line number="41" hits="6" branch="true" condition-coverage="50% (1/2)">
							<conditions>
								<condition number="0" type="jump" coverage="50%"/>
							</conditions>
						</line>
						<line number="42" hits="0" branch="false"/>
						<line number="43" hits="0" branch="false"/>
						<line number="44" hits="0" branch="true" condition-coverage="0% (0/2)">
							<conditions>
								<condition number="0" type="jump" coverage="0%"/>
							</conditions>
						</line>
						<line number="45" hits="0" branch="false"/>
						<line number="47" hits="0" branch="false"/>
						<line number="48" hits="0" branch="false"/>
						<line number="49" hits="0" branch="false"/>
						<line number="50" hits="0" branch="false"/>
						<line number="53" hits="6" branch="true" condition-coverage="50% (1/2)">
							<conditions>
								<condition number="0" type="jump" coverage="50%"/>
							</conditions>
						</line>
						<line number="54" hits="0" branch="false"/>
						<line number="55" hits="0" branch="false"/>
						<line number="56" hits="0" branch="true" condition-coverage="0% (0/2)">
							<conditions>
								<condition number="0" type="jump" coverage="0%"/>
							</conditions>
						</line>
						<line number="57" hits="0" branch="false"/>
						<line number="59" hits="0" branch="false"/>
						<line number="60" hits="0" branch="false"/>
						<line number="61" hits="0" branch="false"/>
						<line number="62" hits="0" branch="false"/>
						<line number="65" hits="6" branch="true" condition-coverage="50% (1/2)">
							<conditions>
								<condition number="0" type="jump" coverage="50%"/>
							</conditions>
						</line>
						<line number="66" hits="0" branch="false"/>
						<line number="68" hits="6" branch="false"/>
						<line number="69" hits="2" branch="false"/>
						<line number="70" hits="2" branch="false"/>
						<line number="74" hits="0" branch="false"/>
						<line number="75" hits="0" branch="false"/>
						<line number="76" hits="0" branch="false"/>
						<line number="77" hits="0" branch="false"/>
						<line number="78" hits="0" branch="false"/>
						<line number="79" hits="0" branch="false"/>
						<line number="80" hits="0" branch="false"/>
						<line number="81" hits="0" branch="false"/>
						<line number="82" hits="0" branch="false"/>
						<line number="83" hits="0" branch="false"/>
						<line number="87" hits="2" branch="true" condition-coverage="50% (2/4)">
							<conditions>
								<condition number="0" type="jump" coverage="50%"/>
								<condition number="1" type="jump" coverage="50%"/>
							</conditions>
						</line>
						<line number="88" hits="0" branch="false"/>
						<line number="90" hits="2" branch="true" condition-coverage="50% (2/4)">
							<conditions>
								<condition number="0" type="jump" coverage="50%"/>
								<condition number="1" type="jump" coverage="50%"/>
							</conditions>
						</line>
						<line number="91" hits="0" branch="false"/>
						<line number="93" hits="2" branch="false"/>
						<line number="96" hits="6" branch="true" condition-coverage="50% (1/2)">
							<conditions>
								<condition number="0" type="jump" coverage="50%"/>
							</conditions>
						</line>
						<line number="97" hits="6" branch="false"/>
						<line number="98" hits="6" branch="true" condition-coverage="100% (2/2)">
							<conditions>
								<condition number="0" type="jump" coverage="100%"/>
							</conditions>
						</line>
						<line number="99" hits="1" branch="false"/>
						<line number="101" hits="5" branch="false"/>
						<line number="103" hits="0" branch="false"/>
						<line number="108" hits="0" branch="false"/>
						<line number="109" hits="0" branch="false"/>
						<line number="110" hits="0" branch="true" condition-coverage="0% (0/2)">
							<conditions>
								<condition number="0" type="jump" coverage="0%"/>
							</conditions>
						</line>
						<line number="111" hits="0" branch="true" condition-coverage="0% (0/2)">
							<conditions>
								<condition number="0" type="jump" coverage="0%"/>
							</conditions>
						</line>
						<line number="112" hits="0" branch="false"/>
						<line number="114" hits="0" branch="false"/>
						<line number="115" hits="0" branch="false"/>
						<line number="117" hits="0" branch="false"/>
					</lines>
				</class>
			</classes>
		</package>
		<package name="japicmp.cmp" line-rate="0.0" branch-rate="0.0" complexity="3.1">
			<classes>
				<class name="japicmp.cmp.ClassComparator" filename="japicmp/cmp/ClassComparator.java" line-rate="0.0" branch-rate="0.0" complexity="3.0">
					<methods>
						<method name="&lt;init&gt;" signature="(Ljapicmp/cmp/JarArchiveComparatorOptions;)V" line-rate="0.0" branch-rate="1.0">
							<lines>
								<line number="16" hits="0" branch="false"/>
								<line number="17" hits="0" branch="false"/>
								<line number="18" hits="0" branch="false"/>
							</lines>
						</method>
						<method name="addParametersToMethod" signature="(Ljapicmp/util/SignatureParser;Ljapicmp/model/JApiMethod;)V" line-rate="0.0" branch-rate="0.0">
							<lines>
								<line number="61" hits="0" branch="true" condition-coverage="0% (0/2)">
									<conditions>
										<condition number="0" type="jump" coverage="0%"/>
									</conditions>
								</line>
								<line number="62" hits="0" branch="false"/>
								<line number="63" hits="0" branch="false"/>
								<line number="64" hits="0" branch="false"/>
							</lines>
						</method>
						<method name="compare" signature="(Ljapicmp/model/JApiClass;)V" line-rate="0.0" branch-rate="1.0">
							<lines>
								<line number="21" hits="0" branch="false"/>
								<line number="22" hits="0" branch="false"/>
								<line number="23" hits="0" branch="false"/>
								<line number="24" hits="0" branch="false"/>
							</lines>
						</method>
						<method name="createMethodMap" signature="(Lcom/google/common/base/Optional;)Ljava/util/Map;" line-rate="0.0" branch-rate="0.0">
							<lines>
								<line number="67" hits="0" branch="false"/>
								<line number="68" hits="0" branch="true" condition-coverage="0% (0/2)">
									<conditions>
										<condition number="0" type="jump" coverage="0%"/>
									</conditions>
								</line>
								<line number="69" hits="0" branch="true" condition-coverage="0% (0/2)">
									<conditions>
										<condition number="0" type="jump" coverage="0%"/>
									</conditions>
								</line>
								<line number="70" hits="0" branch="true" condition-coverage="0% (0/2)">
									<conditions>
										<condition number="0" type="jump" coverage="0%"/>
									</conditions>
								</line>
								<line number="71" hits="0" branch="false"/>
								<line number="75" hits="0" branch="false"/>
							</lines>
						</method>
						<method name="sortMethodsIntoLists" signature="(Ljava/util/Map;Ljava/util/Map;Ljapicmp/model/JApiClass;)V" line-rate="0.0" branch-rate="0.0">
							<lines>
								<line number="27" hits="0" branch="false"/>
								<line number="28" hits="0" branch="true" condition-coverage="0% (0/2)">
									<conditions>
										<condition number="0" type="jump" coverage="0%"/>
									</conditions>
								</line>
								<line number="29" hits="0" branch="false"/>
								<line number="30" hits="0" branch="false"/>
								<line number="31" hits="0" branch="false"/>
								<line number="32" hits="0" branch="true" condition-coverage="0% (0/2)">
									<conditions>
										<condition number="0" type="jump" coverage="0%"/>
									</conditions>
								</line>
								<line number="33" hits="0" branch="false"/>
								<line number="34" hits="0" branch="false"/>
								<line number="35" hits="0" branch="false"/>
								<line number="36" hits="0" branch="true" condition-coverage="0% (0/2)">
									<conditions>
										<condition number="0" type="jump" coverage="0%"/>
									</conditions>
								</line>
								<line number="37" hits="0" branch="false"/>
								<line number="39" hits="0" branch="false"/>
								<line number="40" hits="0" branch="false"/>
								<line number="41" hits="0" branch="false"/>
								<line number="42" hits="0" branch="false"/>
								<line number="44" hits="0" branch="false"/>
								<line number="45" hits="0" branch="true" condition-coverage="0% (0/2)">
									<conditions>
										<condition number="0" type="jump" coverage="0%"/>
									</conditions>
								</line>
								<line number="46" hits="0" branch="false"/>
								<line number="47" hits="0" branch="false"/>
								<line number="48" hits="0" branch="false"/>
								<line number="49" hits="0" branch="true" condition-coverage="0% (0/2)">
									<conditions>
										<condition number="0" type="jump" coverage="0%"/>
									</conditions>
								</line>
								<line number="50" hits="0" branch="false"/>
								<line number="51" hits="0" branch="false"/>
								<line number="52" hits="0" branch="false"/>
								<line number="53" hits="0" branch="true" condition-coverage="0% (0/2)">
									<conditions>
										<condition number="0" type="jump" coverage="0%"/>
									</conditions>
								</line>
								<line number="54" hits="0" branch="false"/>
								<line number="57" hits="0" branch="false"/>
								<line number="58" hits="0" branch="false"/>
							</lines>
						</method>
					</methods>
					<lines>
						<line number="16" hits="0" branch="false"/>
						<line number="17" hits="0" branch="false"/>
						<line number="18" hits="0" branch="false"/>
						<line number="21" hits="0" branch="false"/>
						<line number="22" hits="0" branch="false"/>
						<line number="23" hits="0" branch="false"/>
						<line number="24" hits="0" branch="false"/>
						<line number="27" hits="0" branch="false"/>
						<line number="28" hits="0" branch="true" condition-coverage="0% (0/2)">
							<conditions>
								<condition number="0" type="jump" coverage="0%"/>
							</conditions>
						</line>
						<line number="29" hits="0" branch="false"/>
						<line number="30" hits="0" branch="false"/>
						<line number="31" hits="0" branch="false"/>
						<line number="32" hits="0" branch="true" condition-coverage="0% (0/2)">
							<conditions>
								<condition number="0" type="jump" coverage="0%"/>
							</conditions>
						</line>
						<line number="33" hits="0" branch="false"/>
						<line number="34" hits="0" branch="false"/>
						<line number="35" hits="0" branch="false"/>
						<line number="36" hits="0" branch="true" condition-coverage="0% (0/2)">
							<conditions>
								<condition number="0" type="jump" coverage="0%"/>
							</conditions>
						</line>
						<line number="37" hits="0" branch="false"/>
						<line number="39" hits="0" branch="false"/>
						<line number="40" hits="0" branch="false"/>
						<line number="41" hits="0" branch="false"/>
						<line number="42" hits="0" branch="false"/>
						<line number="44" hits="0" branch="false"/>
						<line number="45" hits="0" branch="true" condition-coverage="0% (0/2)">
							<conditions>
								<condition number="0" type="jump" coverage="0%"/>
							</conditions>
						</line>
						<line number="46" hits="0" branch="false"/>
						<line number="47" hits="0" branch="false"/>
						<line number="48" hits="0" branch="false"/>
						<line number="49" hits="0" branch="true" condition-coverage="0% (0/2)">
							<conditions>
								<condition number="0" type="jump" coverage="0%"/>
							</conditions>
						</line>
						<line number="50" hits="0" branch="false"/>
						<line number="51" hits="0" branch="false"/>
						<line number="52" hits="0" branch="false"/>
						<line number="53" hits="0" branch="true" condition-coverage="0% (0/2)">
							<conditions>
								<condition number="0" type="jump" coverage="0%"/>
							</conditions>
						</line>
						<line number="54" hits="0" branch="false"/>
						<line number="57" hits="0" branch="false"/>
						<line number="58" hits="0" branch="false"/>
						<line number="61" hits="0" branch="true" condition-coverage="0% (0/2)">
							<conditions>
								<condition number="0" type="jump" coverage="0%"/>
							</conditions>
						</line>
						<line number="62" hits="0" branch="false"/>
						<line number="63" hits="0" branch="false"/>
						<line number="64" hits="0" branch="false"/>
						<line number="67" hits="0" branch="false"/>
						<line number="68" hits="0" branch="true" condition-coverage="0% (0/2)">
							<conditions>
								<condition number="0" type="jump" coverage="0%"/>
							</conditions>
						</line>
						<line number="69" hits="0" branch="true" condition-coverage="0% (0/2)">
							<conditions>
								<condition number="0" type="jump" coverage="0%"/>
							</conditions>
						</line>
						<line number="70" hits="0" branch="true" condition-coverage="0% (0/2)">
							<conditions>
								<condition number="0" type="jump" coverage="0%"/>
							</conditions>
						</line>
						<line number="71" hits="0" branch="false"/>
						<line number="75" hits="0" branch="false"/>
					</lines>
				</class>
				<class name="japicmp.cmp.ClassesComparator" filename="japicmp/cmp/ClassesComparator.java" line-rate="0.0" branch-rate="0.0" complexity="3.2">
					<methods>
						<method name="&lt;init&gt;" signature="()V" line-rate="0.0" branch-rate="1.0">
							<lines>
								<line number="15" hits="0" branch="false"/>
								<line number="16" hits="0" branch="false"/>
							</lines>
						</method>
						<method name="compare" signature="(Ljava/util/List;Ljava/util/List;)V" line-rate="0.0" branch-rate="1.0">
							<lines>
								<line number="19" hits="0" branch="false"/>
								<line number="20" hits="0" branch="false"/>
								<line number="21" hits="0" branch="false"/>
								<line number="22" hits="0" branch="false"/>
								<line number="23" hits="0" branch="false"/>
							</lines>
						</method>
						<method name="createClassMap" signature="(Ljava/util/List;)Ljava/util/Map;" line-rate="0.0" branch-rate="0.0">
							<lines>
								<line number="55" hits="0" branch="false"/>
								<line number="56" hits="0" branch="true" condition-coverage="0% (0/2)">
									<conditions>
										<condition number="0" type="jump" coverage="0%"/>
									</conditions>
								</line>
								<line number="57" hits="0" branch="false"/>
								<line number="58" hits="0" branch="false"/>
								<line number="59" hits="0" branch="false"/>
							</lines>
						</method>
						<method name="getClasses" signature="()Ljava/util/List;" line-rate="0.0" branch-rate="1.0">
							<lines>
								<line number="63" hits="0" branch="false"/>
							</lines>
						</method>
						<method name="getType" signature="(Ljavassist/CtClass;)Ljapicmp/model/JApiClass$Type;" line-rate="0.0" branch-rate="0.0">
							<lines>
								<line number="43" hits="0" branch="true" condition-coverage="0% (0/2)">
									<conditions>
										<condition number="0" type="jump" coverage="0%"/>
									</conditions>
								</line>
								<line number="44" hits="0" branch="false"/>
								<line number="45" hits="0" branch="true" condition-coverage="0% (0/2)">
									<conditions>
										<condition number="0" type="jump" coverage="0%"/>
									</conditions>
								</line>
								<line number="46" hits="0" branch="false"/>
								<line number="47" hits="0" branch="true" condition-coverage="0% (0/2)">
									<conditions>
										<condition number="0" type="jump" coverage="0%"/>
									</conditions>
								</line>
								<line number="48" hits="0" branch="false"/>
								<line number="50" hits="0" branch="false"/>
							</lines>
						</method>
						<method name="sortIntoLists" signature="(Ljava/util/Map;Ljava/util/Map;)V" line-rate="0.0" branch-rate="0.0">
							<lines>
								<line number="26" hits="0" branch="true" condition-coverage="0% (0/2)">
									<conditions>
										<condition number="0" type="jump" coverage="0%"/>
									</conditions>
								</line>
								<line number="27" hits="0" branch="false"/>
								<line number="28" hits="0" branch="true" condition-coverage="0% (0/2)">
									<conditions>
										<condition number="0" type="jump" coverage="0%"/>
									</conditions>
								</line>
								<line number="29" hits="0" branch="false"/>
								<line number="31" hits="0" branch="false"/>
								<line number="33" hits="0" branch="false"/>
								<line number="34" hits="0" branch="true" condition-coverage="0% (0/2)">
									<conditions>
										<condition number="0" type="jump" coverage="0%"/>
									</conditions>
								</line>
								<line number="35" hits="0" branch="false"/>
								<line number="36" hits="0" branch="true" condition-coverage="0% (0/2)">
									<conditions>
										<condition number="0" type="jump" coverage="0%"/>
									</conditions>
								</line>
								<line number="37" hits="0" branch="false"/>
								<line number="39" hits="0" branch="false"/>
								<line number="40" hits="0" branch="false"/>
							</lines>
						</method>
					</methods>
					<lines>
						<line number="15" hits="0" branch="false"/>
						<line number="16" hits="0" branch="false"/>
						<line number="19" hits="0" branch="false"/>
						<line number="20" hits="0" branch="false"/>
						<line number="21" hits="0" branch="false"/>
						<line number="22" hits="0" branch="false"/>
						<line number="23" hits="0" branch="false"/>
						<line number="26" hits="0" branch="true" condition-coverage="0% (0/2)">
							<conditions>
								<condition number="0" type="jump" coverage="0%"/>
							</conditions>
						</line>
						<line number="27" hits="0" branch="false"/>
						<line number="28" hits="0" branch="true" condition-coverage="0% (0/2)">
							<conditions>
								<condition number="0" type="jump" coverage="0%"/>
							</conditions>
						</line>
						<line number="29" hits="0" branch="false"/>
						<line number="31" hits="0" branch="false"/>
						<line number="33" hits="0" branch="false"/>
						<line number="34" hits="0" branch="true" condition-coverage="0% (0/2)">
							<conditions>
								<condition number="0" type="jump" coverage="0%"/>
							</conditions>
						</line>
						<line number="35" hits="0" branch="false"/>
						<line number="36" hits="0" branch="true" condition-coverage="0% (0/2)">
							<conditions>
								<condition number="0" type="jump" coverage="0%"/>
							</conditions>
						</line>
						<line number="37" hits="0" branch="false"/>
						<line number="39" hits="0" branch="false"/>
						<line number="40" hits="0" branch="false"/>
						<line number="43" hits="0" branch="true" condition-coverage="0% (0/2)">
							<conditions>
								<condition number="0" type="jump" coverage="0%"/>
							</conditions>
						</line>
						<line number="44" hits="0" branch="false"/>
						<line number="45" hits="0" branch="true" condition-coverage="0% (0/2)">
							<conditions>
								<condition number="0" type="jump" coverage="0%"/>
							</conditions>
						</line>
						<line number="46" hits="0" branch="false"/>
						<line number="47" hits="0" branch="true" condition-coverage="0% (0/2)">
							<conditions>
								<condition number="0" type="jump" coverage="0%"/>
							</conditions>
						</line>
						<line number="48" hits="0" branch="false"/>
						<line number="50" hits="0" branch="false"/>
						<line number="55" hits="0" branch="false"/>
						<line number="56" hits="0" branch="true" condition-coverage="0% (0/2)">
							<conditions>
								<condition number="0" type="jump" coverage="0%"/>
							</conditions>
						</line>
						<line number="57" hits="0" branch="false"/>
						<line number="58" hits="0" branch="false"/>
						<line number="59" hits="0" branch="false"/>
						<line number="63" hits="0" branch="false"/>
					</lines>
				</class>
				<class name="japicmp.cmp.JarArchiveComparator" filename="japicmp/cmp/JarArchiveComparator.java" line-rate="0.0" branch-rate="0.0" complexity="4.5">
					<methods>
						<method name="&lt;clinit&gt;" signature="()V" line-rate="0.0" branch-rate="1.0">
							<lines>
								<line number="18" hits="0" branch="false"/>
							</lines>
						</method>
						<method name="&lt;init&gt;" signature="(Ljapicmp/cmp/JarArchiveComparatorOptions;)V" line-rate="0.0" branch-rate="1.0">
							<lines>
								<line number="21" hits="0" branch="false"/>
								<line number="22" hits="0" branch="false"/>
								<line number="23" hits="0" branch="false"/>
							</lines>
						</method>
						<method name="compare" signature="(Ljava/io/File;Ljava/io/File;)Ljava/util/List;" line-rate="0.0" branch-rate="1.0">
							<lines>
								<line number="26" hits="0" branch="false"/>
								<line number="28" hits="0" branch="false"/>
								<line number="29" hits="0" branch="false"/>
								<line number="30" hits="0" branch="false"/>
								<line number="31" hits="0" branch="false"/>
								<line number="32" hits="0" branch="false"/>
								<line number="33" hits="0" branch="false"/>
								<line number="34" hits="0" branch="false"/>
							</lines>
						</method>
						<method name="compareClassLists" signature="(Ljava/io/File;Ljava/io/File;Ljavassist/ClassPool;Ljapicmp/cmp/JarArchiveComparatorOptions;)Ljapicmp/cmp/ClassesComparator;" line-rate="0.0" branch-rate="0.0">
							<lines>
								<line number="46" hits="0" branch="false"/>
								<line number="47" hits="0" branch="false"/>
								<line number="48" hits="0" branch="false"/>
								<line number="49" hits="0" branch="false"/>
								<line number="50" hits="0" branch="true" condition-coverage="0% (0/2)">
									<conditions>
										<condition number="0" type="jump" coverage="0%"/>
									</conditions>
								</line>
								<line number="51" hits="0" branch="true" condition-coverage="0% (0/2)">
									<conditions>
										<condition number="0" type="jump" coverage="0%"/>
									</conditions>
								</line>
								<line number="52" hits="0" branch="false"/>
								<line number="53" hits="0" branch="false"/>
								<line number="55" hits="0" branch="false"/>
							</lines>
						</method>
						<method name="compareClasses" signature="(Ljava/util/List;)V" line-rate="0.0" branch-rate="0.0">
							<lines>
								<line number="39" hits="0" branch="true" condition-coverage="0% (0/2)">
									<conditions>
										<condition number="0" type="jump" coverage="0%"/>
									</conditions>
								</line>
								<line number="40" hits="0" branch="false"/>
								<line number="41" hits="0" branch="false"/>
								<line number="42" hits="0" branch="false"/>
								<line number="43" hits="0" branch="false"/>
							</lines>
						</method>
						<method name="createListOfCtClasses" signature="(Ljava/io/File;Ljavassist/ClassPool;Ljapicmp/cmp/JarArchiveComparatorOptions;)Ljava/util/List;" line-rate="0.0" branch-rate="0.0">
							<lines>
								<line number="59" hits="0" branch="false"/>
								<line number="60" hits="0" branch="false"/>
								<line number="62" hits="0" branch="false"/>
								<line number="63" hits="0" branch="false"/>
								<line number="64" hits="0" branch="true" condition-coverage="0% (0/2)">
									<conditions>
										<condition number="0" type="jump" coverage="0%"/>
									</conditions>
								</line>
								<line number="65" hits="0" branch="false"/>
								<line number="66" hits="0" branch="false"/>
								<line number="67" hits="0" branch="true" condition-coverage="0% (0/2)">
									<conditions>
										<condition number="0" type="jump" coverage="0%"/>
									</conditions>
								</line>
								<line number="68" hits="0" branch="false"/>
								<line number="70" hits="0" branch="false"/>
								<line number="71" hits="0" branch="false"/>
								<line number="72" hits="0" branch="false"/>
								<line number="73" hits="0" branch="false"/>
								<line number="74" hits="0" branch="false"/>
								<line number="75" hits="0" branch="true" condition-coverage="0% (0/4)">
									<conditions>
										<condition number="0" type="jump" coverage="0%"/>
										<condition number="1" type="jump" coverage="0%"/>
									</conditions>
								</line>
								<line number="76" hits="0" branch="false"/>
								<line number="78" hits="0" branch="true" condition-coverage="0% (0/2)">
									<conditions>
										<condition number="0" type="jump" coverage="0%"/>
									</conditions>
								</line>
								<line number="79" hits="0" branch="false"/>
								<line number="81" hits="0" branch="false"/>
								<line number="82" hits="0" branch="false"/>
								<line number="84" hits="0" branch="false"/>
								<line number="86" hits="0" branch="true" condition-coverage="0% (0/2)">
									<conditions>
										<condition number="0" type="jump" coverage="0%"/>
									</conditions>
								</line>
								<line number="87" hits="0" branch="false"/>
								<line number="89" hits="0" branch="false"/>
								<line number="90" hits="0" branch="false"/>
							</lines>
						</method>
						<method name="packageMatches" signature="(Ljapicmp/cmp/JarArchiveComparatorOptions;Ljavassist/CtClass;)Z" line-rate="0.0" branch-rate="0.0">
							<lines>
								<line number="94" hits="0" branch="false"/>
								<line number="95" hits="0" branch="true" condition-coverage="0% (0/2)">
									<conditions>
										<condition number="0" type="jump" coverage="0%"/>
									</conditions>
								</line>
								<line number="96" hits="0" branch="true" condition-coverage="0% (0/2)">
									<conditions>
										<condition number="0" type="jump" coverage="0%"/>
									</conditions>
								</line>
								<line number="97" hits="0" branch="false"/>
								<line number="99" hits="0" branch="false"/>
								<line number="100" hits="0" branch="true" condition-coverage="0% (0/2)">
									<conditions>
										<condition number="0" type="jump" coverage="0%"/>
									</conditions>
								</line>
								<line number="101" hits="0" branch="true" condition-coverage="0% (0/2)">
									<conditions>
										<condition number="0" type="jump" coverage="0%"/>
									</conditions>
								</line>
								<line number="102" hits="0" branch="false"/>
								<line number="104" hits="0" branch="false"/>
								<line number="105" hits="0" branch="false"/>
								<line number="106" hits="0" branch="true" condition-coverage="0% (0/2)">
									<conditions>
										<condition number="0" type="jump" coverage="0%"/>
									</conditions>
								</line>
								<line number="107" hits="0" branch="false"/>
								<line number="109" hits="0" branch="false"/>
							</lines>
						</method>
					</methods>
					<lines>
						<line number="18" hits="0" branch="false"/>
						<line number="21" hits="0" branch="false"/>
						<line number="22" hits="0" branch="false"/>
						<line number="23" hits="0" branch="false"/>
						<line number="26" hits="0" branch="false"/>
						<line number="28" hits="0" branch="false"/>
						<line number="29" hits="0" branch="false"/>
						<line number="30" hits="0" branch="false"/>
						<line number="31" hits="0" branch="false"/>
						<line number="32" hits="0" branch="false"/>
						<line number="33" hits="0" branch="false"/>
						<line number="34" hits="0" branch="false"/>
						<line number="39" hits="0" branch="true" condition-coverage="0% (0/2)">
							<conditions>
								<condition number="0" type="jump" coverage="0%"/>
							</conditions>
						</line>
						<line number="40" hits="0" branch="false"/>
						<line number="41" hits="0" branch="false"/>
						<line number="42" hits="0" branch="false"/>
						<line number="43" hits="0" branch="false"/>
						<line number="46" hits="0" branch="false"/>
						<line number="47" hits="0" branch="false"/>
						<line number="48" hits="0" branch="false"/>
						<line number="49" hits="0" branch="false"/>
						<line number="50" hits="0" branch="true" condition-coverage="0% (0/2)">
							<conditions>
								<condition number="0" type="jump" coverage="0%"/>
							</conditions>
						</line>
						<line number="51" hits="0" branch="true" condition-coverage="0% (0/2)">
							<conditions>
								<condition number="0" type="jump" coverage="0%"/>
							</conditions>
						</line>
						<line number="52" hits="0" branch="false"/>
						<line number="53" hits="0" branch="false"/>
						<line number="55" hits="0" branch="false"/>
						<line number="59" hits="0" branch="false"/>
						<line number="60" hits="0" branch="false"/>
						<line number="62" hits="0" branch="false"/>
						<line number="63" hits="0" branch="false"/>
						<line number="64" hits="0" branch="true" condition-coverage="0% (0/2)">
							<conditions>
								<condition number="0" type="jump" coverage="0%"/>
							</conditions>
						</line>
						<line number="65" hits="0" branch="false"/>
						<line number="66" hits="0" branch="false"/>
						<line number="67" hits="0" branch="true" condition-coverage="0% (0/2)">
							<conditions>
								<condition number="0" type="jump" coverage="0%"/>
							</conditions>
						</line>
						<line number="68" hits="0" branch="false"/>
						<line number="70" hits="0" branch="false"/>
						<line number="71" hits="0" branch="false"/>
						<line number="72" hits="0" branch="false"/>
						<line number="73" hits="0" branch="false"/>
						<line number="74" hits="0" branch="false"/>
						<line number="75" hits="0" branch="true" condition-coverage="0% (0/4)">
							<conditions>
								<condition number="0" type="jump" coverage="0%"/>
								<condition number="1" type="jump" coverage="0%"/>
							</conditions>
						</line>
						<line number="76" hits="0" branch="false"/>
						<line number="78" hits="0" branch="true" condition-coverage="0% (0/2)">
							<conditions>
								<condition number="0" type="jump" coverage="0%"/>
							</conditions>
						</line>
						<line number="79" hits="0" branch="false"/>
						<line number="81" hits="0" branch="false"/>
						<line number="82" hits="0" branch="false"/>
						<line number="84" hits="0" branch="false"/>
						<line number="86" hits="0" branch="true" condition-coverage="0% (0/2)">
							<conditions>
								<condition number="0" type="jump" coverage="0%"/>
							</conditions>
						</line>
						<line number="87" hits="0" branch="false"/>
						<line number="89" hits="0" branch="false"/>
						<line number="90" hits="0" branch="false"/>
						<line number="94" hits="0" branch="false"/>
						<line number="95" hits="0" branch="true" condition-coverage="0% (0/2)">
							<conditions>
								<condition number="0" type="jump" coverage="0%"/>
							</conditions>
						</line>
						<line number="96" hits="0" branch="true" condition-coverage="0% (0/2)">
							<conditions>
								<condition number="0" type="jump" coverage="0%"/>
							</conditions>
						</line>
						<line number="97" hits="0" branch="false"/>
						<line number="99" hits="0" branch="false"/>
						<line number="100" hits="0" branch="true" condition-coverage="0% (0/2)">
							<conditions>
								<condition number="0" type="jump" coverage="0%"/>
							</conditions>
						</line>
						<line number="101" hits="0" branch="true" condition-coverage="0% (0/2)">
							<conditions>
								<condition number="0" type="jump" coverage="0%"/>
							</conditions>
						</line>
						<line number="102" hits="0" branch="false"/>
						<line number="104" hits="0" branch="false"/>
						<line number="105" hits="0" branch="false"/>
						<line number="106" hits="0" branch="true" condition-coverage="0% (0/2)">
							<conditions>
								<condition number="0" type="jump" coverage="0%"/>
							</conditions>
						</line>
						<line number="107" hits="0" branch="false"/>
						<line number="109" hits="0" branch="false"/>
					</lines>
				</class>
				<class name="japicmp.cmp.JarArchiveComparatorOptions" filename="japicmp/cmp/JarArchiveComparatorOptions.java" line-rate="0.0" branch-rate="1.0" complexity="1.0">
					<methods>
						<method name="&lt;init&gt;" signature="()V" line-rate="0.0" branch-rate="1.0">
							<lines>
								<line number="9" hits="0" branch="false"/>
								<line number="10" hits="0" branch="false"/>
								<line number="11" hits="0" branch="false"/>
								<line number="12" hits="0" branch="false"/>
							</lines>
						</method>
						<method name="getModifierLevel" signature="()Ljapicmp/model/AccessModifier;" line-rate="0.0" branch-rate="1.0">
							<lines>
								<line number="23" hits="0" branch="false"/>
							</lines>
						</method>
						<method name="getPackagesExclude" signature="()Ljava/util/List;" line-rate="0.0" branch-rate="1.0">
							<lines>
								<line number="15" hits="0" branch="false"/>
							</lines>
						</method>
						<method name="getPackagesInclude" signature="()Ljava/util/List;" line-rate="0.0" branch-rate="1.0">
							<lines>
								<line number="19" hits="0" branch="false"/>
							</lines>
						</method>
						<method name="setModifierLevel" signature="(Ljapicmp/model/AccessModifier;)V" line-rate="0.0" branch-rate="1.0">
							<lines>
								<line number="27" hits="0" branch="false"/>
								<line number="28" hits="0" branch="false"/>
							</lines>
						</method>
					</methods>
					<lines>
						<line number="9" hits="0" branch="false"/>
						<line number="10" hits="0" branch="false"/>
						<line number="11" hits="0" branch="false"/>
						<line number="12" hits="0" branch="false"/>
						<line number="15" hits="0" branch="false"/>
						<line number="19" hits="0" branch="false"/>
						<line number="23" hits="0" branch="false"/>
						<line number="27" hits="0" branch="false"/>
						<line number="28" hits="0" branch="false"/>
					</lines>
				</class>
			</classes>
		</package>
		<package name="japicmp.config" line-rate="0.8333333333333334" branch-rate="1.0" complexity="1.0">
			<classes>
				<class name="japicmp.config.Options" filename="japicmp/config/Options.java" line-rate="0.782608695652174" branch-rate="1.0" complexity="1.0">
					<methods>
						<method name="&lt;init&gt;" signature="()V" line-rate="1.0" branch-rate="1.0">
							<lines>
								<line number="9" hits="3" branch="false"/>
								<line number="12" hits="3" branch="false"/>
								<line number="13" hits="3" branch="false"/>
								<line number="14" hits="3" branch="false"/>
								<line number="15" hits="3" branch="false"/>
								<line number="16" hits="3" branch="false"/>
							</lines>
						</method>
						<method name="getAccessModifier" signature="()Ljapicmp/model/AccessModifier;" line-rate="0.0" branch-rate="1.0">
							<lines>
								<line number="55" hits="0" branch="false"/>
							</lines>
						</method>
						<method name="getNewArchive" signature="()Ljava/lang/String;" line-rate="1.0" branch-rate="1.0">
							<lines>
								<line number="19" hits="6" branch="false"/>
							</lines>
						</method>
						<method name="getOldArchive" signature="()Ljava/lang/String;" line-rate="1.0" branch-rate="1.0">
							<lines>
								<line number="27" hits="6" branch="false"/>
							</lines>
						</method>
						<method name="getPackagesExclude" signature="()Ljava/util/List;" line-rate="0.0" branch-rate="1.0">
							<lines>
								<line number="63" hits="0" branch="false"/>
							</lines>
						</method>
						<method name="getPackagesInclude" signature="()Ljava/util/List;" line-rate="0.0" branch-rate="1.0">
							<lines>
								<line number="59" hits="0" branch="false"/>
							</lines>
						</method>
						<method name="getXmlOutputFile" signature="()Lcom/google/common/base/Optional;" line-rate="1.0" branch-rate="1.0">
							<lines>
								<line number="43" hits="2" branch="false"/>
							</lines>
						</method>
						<method name="isOutputOnlyModifications" signature="()Z" line-rate="1.0" branch-rate="1.0">
							<lines>
								<line number="35" hits="2" branch="false"/>
							</lines>
						</method>
						<method name="setAccessModifier" signature="(Ljapicmp/model/AccessModifier;)V" line-rate="0.0" branch-rate="1.0">
							<lines>
								<line number="51" hits="0" branch="false"/>
								<line number="52" hits="0" branch="false"/>
							</lines>
						</method>
						<method name="setNewArchive" signature="(Ljava/lang/String;)V" line-rate="1.0" branch-rate="1.0">
							<lines>
								<line number="23" hits="2" branch="false"/>
								<line number="24" hits="2" branch="false"/>
							</lines>
						</method>
						<method name="setOldArchive" signature="(Ljava/lang/String;)V" line-rate="1.0" branch-rate="1.0">
							<lines>
								<line number="31" hits="2" branch="false"/>
								<line number="32" hits="2" branch="false"/>
							</lines>
						</method>
						<method name="setOutputOnlyModifications" signature="(Z)V" line-rate="1.0" branch-rate="1.0">
							<lines>
								<line number="39" hits="1" branch="false"/>
								<line number="40" hits="1" branch="false"/>
							</lines>
						</method>
						<method name="setXmlOutputFile" signature="(Lcom/google/common/base/Optional;)V" line-rate="1.0" branch-rate="1.0">
							<lines>
								<line number="47" hits="1" branch="false"/>
								<line number="48" hits="1" branch="false"/>
							</lines>
						</method>
					</methods>
					<lines>
						<line number="9" hits="3" branch="false"/>
						<line number="12" hits="3" branch="false"/>
						<line number="13" hits="3" branch="false"/>
						<line number="14" hits="3" branch="false"/>
						<line number="15" hits="3" branch="false"/>
						<line number="16" hits="3" branch="false"/>
						<line number="19" hits="6" branch="false"/>
						<line number="23" hits="2" branch="false"/>
						<line number="24" hits="2" branch="false"/>
						<line number="27" hits="6" branch="false"/>
						<line number="31" hits="2" branch="false"/>
						<line number="32" hits="2" branch="false"/>
						<line number="35" hits="2" branch="false"/>
						<line number="39" hits="1" branch="false"/>
						<line number="40" hits="1" branch="false"/>
						<line number="43" hits="2" branch="false"/>
						<line number="47" hits="1" branch="false"/>
						<line number="48" hits="1" branch="false"/>
						<line number="51" hits="0" branch="false"/>
						<line number="52" hits="0" branch="false"/>
						<line number="55" hits="0" branch="false"/>
						<line number="59" hits="0" branch="false"/>
						<line number="63" hits="0" branch="false"/>
					</lines>
				</class>
				<class name="japicmp.config.PackageFilter" filename="japicmp/config/PackageFilter.java" line-rate="1.0" branch-rate="1.0" complexity="1.0">
					<methods>
						<method name="&lt;init&gt;" signature="(Ljava/lang/String;)V" line-rate="1.0" branch-rate="1.0">
							<lines>
								<line number="8" hits="4" branch="false"/>
								<line number="9" hits="4" branch="false"/>
								<line number="10" hits="4" branch="false"/>
								<line number="11" hits="4" branch="false"/>
								<line number="12" hits="4" branch="false"/>
								<line number="13" hits="4" branch="false"/>
							</lines>
						</method>
						<method name="matches" signature="(Ljava/lang/String;)Z" line-rate="1.0" branch-rate="1.0">
							<lines>
								<line number="16" hits="15" branch="false"/>
							</lines>
						</method>
					</methods>
					<lines>
						<line number="8" hits="4" branch="false"/>
						<line number="9" hits="4" branch="false"/>
						<line number="10" hits="4" branch="false"/>
						<line number="11" hits="4" branch="false"/>
						<line number="12" hits="4" branch="false"/>
						<line number="13" hits="4" branch="false"/>
						<line number="16" hits="15" branch="false"/>
					</lines>
				</class>
			</classes>
		</package>
		<package name="japicmp.exception" line-rate="0.0" branch-rate="1.0" complexity="1.0">
			<classes>
				<class name="japicmp.exception.JApiCmpException" filename="japicmp/exception/JApiCmpException.java" line-rate="0.0" branch-rate="1.0" complexity="1.0">
					<methods>
						<method name="&lt;init&gt;" signature="(Ljapicmp/exception/JApiCmpException$Reason;)V" line-rate="0.0" branch-rate="1.0">
							<lines>
								<line number="6" hits="0" branch="false"/>
								<line number="7" hits="0" branch="false"/>
								<line number="8" hits="0" branch="false"/>
							</lines>
						</method>
						<method name="&lt;init&gt;" signature="(Ljapicmp/exception/JApiCmpException$Reason;Ljava/lang/String;)V" line-rate="0.0" branch-rate="1.0">
							<lines>
								<line number="15" hits="0" branch="false"/>
								<line number="16" hits="0" branch="false"/>
								<line number="17" hits="0" branch="false"/>
							</lines>
						</method>
						<method name="getReason" signature="()Ljapicmp/exception/JApiCmpException$Reason;" line-rate="0.0" branch-rate="1.0">
							<lines>
								<line number="20" hits="0" branch="false"/>
							</lines>
						</method>
					</methods>
					<lines>
						<line number="6" hits="0" branch="false"/>
						<line number="7" hits="0" branch="false"/>
						<line number="8" hits="0" branch="false"/>
						<line number="15" hits="0" branch="false"/>
						<line number="16" hits="0" branch="false"/>
						<line number="17" hits="0" branch="false"/>
						<line number="20" hits="0" branch="false"/>
					</lines>
				</class>
				<class name="japicmp.exception.JApiCmpException$Reason" filename="japicmp/exception/JApiCmpException.java" line-rate="0.0" branch-rate="1.0" complexity="1.0">
					<methods>
						<method name="&lt;clinit&gt;" signature="()V" line-rate="0.0" branch-rate="1.0">
							<lines>
								<line number="10" hits="0" branch="false"/>
								<line number="11" hits="0" branch="false"/>
							</lines>
						</method>
						<method name="&lt;init&gt;" signature="(Ljava/lang/String;I)V" line-rate="1.0" branch-rate="1.0">
							<lines>
							</lines>
						</method>
						<method name="valueOf" signature="(Ljava/lang/String;)Ljapicmp/exception/JApiCmpException$Reason;" line-rate="1.0" branch-rate="1.0">
							<lines>
							</lines>
						</method>
						<method name="values" signature="()[Ljapicmp/exception/JApiCmpException$Reason;" line-rate="1.0" branch-rate="1.0">
							<lines>
							</lines>
						</method>
					</methods>
					<lines>
						<line number="10" hits="0" branch="false"/>
						<line number="11" hits="0" branch="false"/>
					</lines>
				</class>
			</classes>
		</package>
		<package name="japicmp.model" line-rate="0.08955223880597014" branch-rate="0.0" complexity="1.2962962962962963">
			<classes>
				<class name="japicmp.model.AccessModifier" filename="japicmp/model/AccessModifier.java" line-rate="1.0" branch-rate="1.0" complexity="1.0">
					<methods>
						<method name="&lt;clinit&gt;" signature="()V" line-rate="1.0" branch-rate="1.0">
							<lines>
								<line number="3" hits="1" branch="false"/>
								<line number="4" hits="1" branch="false"/>
							</lines>
						</method>
						<method name="&lt;init&gt;" signature="(Ljava/lang/String;II)V" line-rate="1.0" branch-rate="1.0">
							<lines>
								<line number="8" hits="4" branch="false"/>
								<line number="9" hits="4" branch="false"/>
								<line number="10" hits="4" branch="false"/>
							</lines>
						</method>
						<method name="getLevel" signature="()I" line-rate="1.0" branch-rate="1.0">
							<lines>
								<line number="13" hits="12" branch="false"/>
							</lines>
						</method>
						<method name="valueOf" signature="(Ljava/lang/String;)Ljapicmp/model/AccessModifier;" line-rate="1.0" branch-rate="1.0">
							<lines>
							</lines>
						</method>
						<method name="values" signature="()[Ljapicmp/model/AccessModifier;" line-rate="1.0" branch-rate="1.0">
							<lines>
							</lines>
						</method>
					</methods>
					<lines>
						<line number="3" hits="1" branch="false"/>
						<line number="4" hits="1" branch="false"/>
						<line number="8" hits="4" branch="false"/>
						<line number="9" hits="4" branch="false"/>
						<line number="10" hits="4" branch="false"/>
						<line number="13" hits="12" branch="false"/>
					</lines>
				</class>
				<class name="japicmp.model.JApiChangeStatus" filename="japicmp/model/JApiChangeStatus.java" line-rate="0.0" branch-rate="1.0" complexity="0.0">
					<methods>
						<method name="&lt;clinit&gt;" signature="()V" line-rate="0.0" branch-rate="1.0">
							<lines>
								<line number="3" hits="0" branch="false"/>
								<line number="4" hits="0" branch="false"/>
							</lines>
						</method>
						<method name="&lt;init&gt;" signature="(Ljava/lang/String;I)V" line-rate="1.0" branch-rate="1.0">
							<lines>
							</lines>
						</method>
						<method name="valueOf" signature="(Ljava/lang/String;)Ljapicmp/model/JApiChangeStatus;" line-rate="1.0" branch-rate="1.0">
							<lines>
							</lines>
						</method>
						<method name="values" signature="()[Ljapicmp/model/JApiChangeStatus;" line-rate="1.0" branch-rate="1.0">
							<lines>
							</lines>
						</method>
					</methods>
					<lines>
						<line number="3" hits="0" branch="false"/>
						<line number="4" hits="0" branch="false"/>
					</lines>
				</class>
				<class name="japicmp.model.JApiClass" filename="japicmp/model/JApiClass.java" line-rate="0.0" branch-rate="0.0" complexity="1.3076923076923077">
					<methods>
						<method name="&lt;init&gt;" signature="(Ljava/lang/String;Lcom/google/common/base/Optional;Lcom/google/common/base/Optional;Ljapicmp/model/JApiChangeStatus;Ljapicmp/model/JApiClass$Type;Lcom/google/common/base/Optional;Lcom/google/common/base/Optional;)V" line-rate="0.0" branch-rate="1.0">
							<lines>
								<line number="16" hits="0" branch="false"/>
								<line number="26" hits="0" branch="false"/>
								<line number="27" hits="0" branch="false"/>
								<line number="28" hits="0" branch="false"/>
								<line number="29" hits="0" branch="false"/>
								<line number="30" hits="0" branch="false"/>
								<line number="31" hits="0" branch="false"/>
								<line number="32" hits="0" branch="false"/>
								<line number="33" hits="0" branch="false"/>
								<line number="34" hits="0" branch="false"/>
							</lines>
						</method>
						<method name="addMethod" signature="(Ljapicmp/model/JApiMethod;)V" line-rate="0.0" branch-rate="1.0">
							<lines>
								<line number="37" hits="0" branch="false"/>
								<line number="38" hits="0" branch="false"/>
							</lines>
						</method>
						<method name="getAccessModifierNew" signature="()Ljava/lang/String;" line-rate="0.0" branch-rate="0.0">
							<lines>
								<line number="80" hits="0" branch="true" condition-coverage="0% (0/2)">
									<conditions>
										<condition number="0" type="jump" coverage="0%"/>
									</conditions>
								</line>
								<line number="81" hits="0" branch="false"/>
								<line number="83" hits="0" branch="false"/>
							</lines>
						</method>
						<method name="getAccessModifierOld" signature="()Ljava/lang/String;" line-rate="0.0" branch-rate="0.0">
							<lines>
								<line number="88" hits="0" branch="true" condition-coverage="0% (0/2)">
									<conditions>
										<condition number="0" type="jump" coverage="0%"/>
									</conditions>
								</line>
								<line number="89" hits="0" branch="false"/>
								<line number="91" hits="0" branch="false"/>
							</lines>
						</method>
						<method name="getChangeStatus" signature="()Ljapicmp/model/JApiChangeStatus;" line-rate="0.0" branch-rate="1.0">
							<lines>
								<line number="42" hits="0" branch="false"/>
							</lines>
						</method>
						<method name="getFullyQualifiedName" signature="()Ljava/lang/String;" line-rate="0.0" branch-rate="1.0">
							<lines>
								<line number="47" hits="0" branch="false"/>
							</lines>
						</method>
						<method name="getMethods" signature="()Ljava/util/List;" line-rate="0.0" branch-rate="1.0">
							<lines>
								<line number="66" hits="0" branch="false"/>
							</lines>
						</method>
						<method name="getNewClass" signature="()Lcom/google/common/base/Optional;" line-rate="0.0" branch-rate="1.0">
							<lines>
								<line number="52" hits="0" branch="false"/>
							</lines>
						</method>
						<method name="getOldClass" signature="()Lcom/google/common/base/Optional;" line-rate="0.0" branch-rate="1.0">
							<lines>
								<line number="57" hits="0" branch="false"/>
							</lines>
						</method>
						<method name="getType" signature="()Ljapicmp/model/JApiClass$Type;" line-rate="0.0" branch-rate="1.0">
							<lines>
								<line number="75" hits="0" branch="false"/>
							</lines>
						</method>
						<method name="setChangeStatus" signature="(Ljapicmp/model/JApiChangeStatus;)V" line-rate="0.0" branch-rate="1.0">
							<lines>
								<line number="61" hits="0" branch="false"/>
								<line number="62" hits="0" branch="false"/>
							</lines>
						</method>
						<method name="setMethods" signature="(Ljava/util/List;)V" line-rate="0.0" branch-rate="1.0">
							<lines>
								<line number="70" hits="0" branch="false"/>
								<line number="71" hits="0" branch="false"/>
							</lines>
						</method>
						<method name="toString" signature="()Ljava/lang/String;" line-rate="0.0" branch-rate="1.0">
							<lines>
								<line number="96" hits="0" branch="false"/>
							</lines>
						</method>
					</methods>
					<lines>
						<line number="16" hits="0" branch="false"/>
						<line number="26" hits="0" branch="false"/>
						<line number="27" hits="0" branch="false"/>
						<line number="28" hits="0" branch="false"/>
						<line number="29" hits="0" branch="false"/>
						<line number="30" hits="0" branch="false"/>
						<line number="31" hits="0" branch="false"/>
						<line number="32" hits="0" branch="false"/>
						<line number="33" hits="0" branch="false"/>
						<line number="34" hits="0" branch="false"/>
						<line number="37" hits="0" branch="false"/>
						<line number="38" hits="0" branch="false"/>
						<line number="42" hits="0" branch="false"/>
						<line number="47" hits="0" branch="false"/>
						<line number="52" hits="0" branch="false"/>
						<line number="57" hits="0" branch="false"/>
						<line number="61" hits="0" branch="false"/>
						<line number="62" hits="0" branch="false"/>
						<line number="66" hits="0" branch="false"/>
						<line number="70" hits="0" branch="false"/>
						<line number="71" hits="0" branch="false"/>
						<line number="75" hits="0" branch="false"/>
						<line number="80" hits="0" branch="true" condition-coverage="0% (0/2)">
							<conditions>
								<condition number="0" type="jump" coverage="0%"/>
							</conditions>
						</line>
						<line number="81" hits="0" branch="false"/>
						<line number="83" hits="0" branch="false"/>
						<line number="88" hits="0" branch="true" condition-coverage="0% (0/2)">
							<conditions>
								<condition number="0" type="jump" coverage="0%"/>
							</conditions>
						</line>
						<line number="89" hits="0" branch="false"/>
						<line number="91" hits="0" branch="false"/>
						<line number="96" hits="0" branch="false"/>
					</lines>
				</class>
				<class name="japicmp.model.JApiClass$Type" filename="japicmp/model/JApiClass.java" line-rate="0.0" branch-rate="1.0" complexity="1.3076923076923077">
					<methods>
						<method name="&lt;clinit&gt;" signature="()V" line-rate="0.0" branch-rate="1.0">
							<lines>
								<line number="22" hits="0" branch="false"/>
								<line number="23" hits="0" branch="false"/>
							</lines>
						</method>
						<method name="&lt;init&gt;" signature="(Ljava/lang/String;I)V" line-rate="1.0" branch-rate="1.0">
							<lines>
							</lines>
						</method>
						<method name="valueOf" signature="(Ljava/lang/String;)Ljapicmp/model/JApiClass$Type;" line-rate="1.0" branch-rate="1.0">
							<lines>
							</lines>
						</method>
						<method name="values" signature="()[Ljapicmp/model/JApiClass$Type;" line-rate="1.0" branch-rate="1.0">
							<lines>
							</lines>
						</method>
					</methods>
					<lines>
						<line number="22" hits="0" branch="false"/>
						<line number="23" hits="0" branch="false"/>
					</lines>
				</class>
				<class name="japicmp.model.JApiMethod" filename="japicmp/model/JApiMethod.java" line-rate="0.0" branch-rate="0.0" complexity="1.4">
					<methods>
						<method name="&lt;init&gt;" signature="(Ljava/lang/String;Ljapicmp/model/JApiChangeStatus;Lcom/google/common/base/Optional;Lcom/google/common/base/Optional;Ljava/lang/String;Lcom/google/common/base/Optional;Lcom/google/common/base/Optional;)V" line-rate="0.0" branch-rate="1.0">
							<lines>
								<line number="20" hits="0" branch="false"/>
								<line number="22" hits="0" branch="false"/>
								<line number="23" hits="0" branch="false"/>
								<line number="24" hits="0" branch="false"/>
								<line number="25" hits="0" branch="false"/>
								<line number="26" hits="0" branch="false"/>
								<line number="27" hits="0" branch="false"/>
								<line number="28" hits="0" branch="false"/>
								<line number="29" hits="0" branch="false"/>
								<line number="30" hits="0" branch="false"/>
							</lines>
						</method>
						<method name="addParameter" signature="(Ljapicmp/model/JApiParameter;)V" line-rate="0.0" branch-rate="1.0">
							<lines>
								<line number="63" hits="0" branch="false"/>
								<line number="64" hits="0" branch="false"/>
							</lines>
						</method>
						<method name="getAccessModifierNew" signature="()Ljava/lang/String;" line-rate="0.0" branch-rate="0.0">
							<lines>
								<line number="68" hits="0" branch="true" condition-coverage="0% (0/2)">
									<conditions>
										<condition number="0" type="jump" coverage="0%"/>
									</conditions>
								</line>
								<line number="69" hits="0" branch="false"/>
								<line number="71" hits="0" branch="false"/>
							</lines>
						</method>
						<method name="getAccessModifierOld" signature="()Ljava/lang/String;" line-rate="0.0" branch-rate="0.0">
							<lines>
								<line number="76" hits="0" branch="true" condition-coverage="0% (0/2)">
									<conditions>
										<condition number="0" type="jump" coverage="0%"/>
									</conditions>
								</line>
								<line number="77" hits="0" branch="false"/>
								<line number="79" hits="0" branch="false"/>
							</lines>
						</method>
						<method name="getChangeStatus" signature="()Ljapicmp/model/JApiChangeStatus;" line-rate="0.0" branch-rate="1.0">
							<lines>
								<line number="34" hits="0" branch="false"/>
							</lines>
						</method>
						<method name="getName" signature="()Ljava/lang/String;" line-rate="0.0" branch-rate="1.0">
							<lines>
								<line number="39" hits="0" branch="false"/>
							</lines>
						</method>
						<method name="getNewMethod" signature="()Lcom/google/common/base/Optional;" line-rate="0.0" branch-rate="1.0">
							<lines>
								<line number="44" hits="0" branch="false"/>
							</lines>
						</method>
						<method name="getOldMethod" signature="()Lcom/google/common/base/Optional;" line-rate="0.0" branch-rate="1.0">
							<lines>
								<line number="49" hits="0" branch="false"/>
							</lines>
						</method>
						<method name="getParameters" signature="()Ljava/util/List;" line-rate="0.0" branch-rate="1.0">
							<lines>
								<line number="59" hits="0" branch="false"/>
							</lines>
						</method>
						<method name="getReturnType" signature="()Ljava/lang/String;" line-rate="0.0" branch-rate="1.0">
							<lines>
								<line number="54" hits="0" branch="false"/>
							</lines>
						</method>
					</methods>
					<lines>
						<line number="20" hits="0" branch="false"/>
						<line number="22" hits="0" branch="false"/>
						<line number="23" hits="0" branch="false"/>
						<line number="24" hits="0" branch="false"/>
						<line number="25" hits="0" branch="false"/>
						<line number="26" hits="0" branch="false"/>
						<line number="27" hits="0" branch="false"/>
						<line number="28" hits="0" branch="false"/>
						<line number="29" hits="0" branch="false"/>
						<line number="30" hits="0" branch="false"/>
						<line number="34" hits="0" branch="false"/>
						<line number="39" hits="0" branch="false"/>
						<line number="44" hits="0" branch="false"/>
						<line number="49" hits="0" branch="false"/>
						<line number="54" hits="0" branch="false"/>
						<line number="59" hits="0" branch="false"/>
						<line number="63" hits="0" branch="false"/>
						<line number="64" hits="0" branch="false"/>
						<line number="68" hits="0" branch="true" condition-coverage="0% (0/2)">
							<conditions>
								<condition number="0" type="jump" coverage="0%"/>
							</conditions>
						</line>
						<line number="69" hits="0" branch="false"/>
						<line number="71" hits="0" branch="false"/>
						<line number="76" hits="0" branch="true" condition-coverage="0% (0/2)">
							<conditions>
								<condition number="0" type="jump" coverage="0%"/>
							</conditions>
						</line>
						<line number="77" hits="0" branch="false"/>
						<line number="79" hits="0" branch="false"/>
					</lines>
				</class>
				<class name="japicmp.model.JApiParameter" filename="japicmp/model/JApiParameter.java" line-rate="0.0" branch-rate="1.0" complexity="1.0">
					<methods>
						<method name="&lt;init&gt;" signature="(Ljava/lang/String;)V" line-rate="0.0" branch-rate="1.0">
							<lines>
								<line number="8" hits="0" branch="false"/>
								<line number="9" hits="0" branch="false"/>
								<line number="10" hits="0" branch="false"/>
							</lines>
						</method>
						<method name="getType" signature="()Ljava/lang/String;" line-rate="0.0" branch-rate="1.0">
							<lines>
								<line number="14" hits="0" branch="false"/>
							</lines>
						</method>
					</methods>
					<lines>
						<line number="8" hits="0" branch="false"/>
						<line number="9" hits="0" branch="false"/>
						<line number="10" hits="0" branch="false"/>
						<line number="14" hits="0" branch="false"/>
					</lines>
				</class>
			</classes>
		</package>
		<package name="japicmp.output" line-rate="0.0" branch-rate="0.0" complexity="2.4">
			<classes>
				<class name="japicmp.output.OutputTransformer" filename="japicmp/output/OutputTransformer.java" line-rate="0.0" branch-rate="0.0" complexity="2.4">
					<methods>
						<method name="&lt;init&gt;" signature="()V" line-rate="0.0" branch-rate="1.0">
							<lines>
								<line number="14" hits="0" branch="false"/>
								<line number="16" hits="0" branch="false"/>
							</lines>
						</method>
						<method name="removeUnchanged" signature="(Ljava/util/List;)V" line-rate="0.0" branch-rate="0.0">
							<lines>
								<line number="19" hits="0" branch="false"/>
								<line number="20" hits="0" branch="true" condition-coverage="0% (0/2)">
									<conditions>
										<condition number="0" type="jump" coverage="0%"/>
									</conditions>
								</line>
								<line number="21" hits="0" branch="true" condition-coverage="0% (0/2)">
									<conditions>
										<condition number="0" type="jump" coverage="0%"/>
									</conditions>
								</line>
								<line number="22" hits="0" branch="false"/>
								<line number="24" hits="0" branch="false"/>
								<line number="25" hits="0" branch="false"/>
								<line number="26" hits="0" branch="true" condition-coverage="0% (0/2)">
									<conditions>
										<condition number="0" type="jump" coverage="0%"/>
									</conditions>
								</line>
								<line number="27" hits="0" branch="true" condition-coverage="0% (0/2)">
									<conditions>
										<condition number="0" type="jump" coverage="0%"/>
									</conditions>
								</line>
								<line number="28" hits="0" branch="false"/>
								<line number="30" hits="0" branch="false"/>
								<line number="31" hits="0" branch="true" condition-coverage="0% (0/2)">
									<conditions>
										<condition number="0" type="jump" coverage="0%"/>
									</conditions>
								</line>
								<line number="32" hits="0" branch="false"/>
								<line number="33" hits="0" branch="false"/>
								<line number="35" hits="0" branch="false"/>
								<line number="36" hits="0" branch="true" condition-coverage="0% (0/2)">
									<conditions>
										<condition number="0" type="jump" coverage="0%"/>
									</conditions>
								</line>
								<line number="37" hits="0" branch="false"/>
								<line number="38" hits="0" branch="false"/>
								<line number="39" hits="0" branch="false"/>
							</lines>
						</method>
						<method name="sortClassesAndMethods" signature="(Ljava/util/List;)V" line-rate="0.0" branch-rate="0.0">
[...]
					<methods>
						<method name="&lt;init&gt;" signature="()V" line-rate="0.0" branch-rate="1.0">
							<lines>
								<line number="12" hits="0" branch="false"/>
							</lines>
						</method>
						<method name="generate" signature="(Ljava/io/File;Ljava/io/File;Ljava/util/List;Ljapicmp/config/Options;)V" line-rate="0.0" branch-rate="0.0">
							<lines>
								<line number="15" hits="0" branch="false"/>
								<line number="16" hits="0" branch="false"/>
								<line number="17" hits="0" branch="false"/>
								<line number="18" hits="0" branch="false"/>
								<line number="19" hits="0" branch="true" condition-coverage="0% (0/2)">
									<conditions>
										<condition number="0" type="jump" coverage="0%"/>
									</conditions>
								</line>
								<line number="20" hits="0" branch="false"/>
								<line number="22" hits="0" branch="false"/>
								<line number="23" hits="0" branch="false"/>
							</lines>
						</method>
					</methods>
					<lines>
						<line number="12" hits="0" branch="false"/>
						<line number="15" hits="0" branch="false"/>
						<line number="16" hits="0" branch="false"/>
						<line number="17" hits="0" branch="false"/>
						<line number="18" hits="0" branch="false"/>
						<line number="19" hits="0" branch="true" condition-coverage="0% (0/2)">
							<conditions>
								<condition number="0" type="jump" coverage="0%"/>
							</conditions>
						</line>
						<line number="20" hits="0" branch="false"/>
						<line number="22" hits="0" branch="false"/>
						<line number="23" hits="0" branch="false"/>
					</lines>
				</class>
			</classes>
		</package>
		<package name="japicmp.output.xml.model" line-rate="0.0" branch-rate="1.0" complexity="1.0">
			<classes>
				<class name="japicmp.output.xml.model.JApiCmpXmlRoot" filename="japicmp/output/xml/model/JApiCmpXmlRoot.java" line-rate="0.0" branch-rate="1.0" complexity="1.0">
					<methods>
						<method name="&lt;init&gt;" signature="()V" line-rate="0.0" branch-rate="1.0">
							<lines>
								<line number="12" hits="0" branch="false"/>
								<line number="13" hits="0" branch="false"/>
								<line number="14" hits="0" branch="false"/>
								<line number="15" hits="0" branch="false"/>
							</lines>
						</method>
						<method name="getClasses" signature="()Ljava/util/List;" line-rate="0.0" branch-rate="1.0">
							<lines>
								<line number="19" hits="0" branch="false"/>
							</lines>
						</method>
						<method name="getNewJar" signature="()Ljava/lang/String;" line-rate="0.0" branch-rate="1.0">
							<lines>
								<line number="28" hits="0" branch="false"/>
							</lines>
						</method>
						<method name="getOldJar" signature="()Ljava/lang/String;" line-rate="0.0" branch-rate="1.0">
							<lines>
								<line number="37" hits="0" branch="false"/>
							</lines>
						</method>
						<method name="setClasses" signature="(Ljava/util/List;)V" line-rate="0.0" branch-rate="1.0">
							<lines>
								<line number="23" hits="0" branch="false"/>
								<line number="24" hits="0" branch="false"/>
							</lines>
						</method>
						<method name="setNewJar" signature="(Ljava/lang/String;)V" line-rate="0.0" branch-rate="1.0">
							<lines>
								<line number="32" hits="0" branch="false"/>
								<line number="33" hits="0" branch="false"/>
							</lines>
						</method>
						<method name="setOldJar" signature="(Ljava/lang/String;)V" line-rate="0.0" branch-rate="1.0">
							<lines>
								<line number="41" hits="0" branch="false"/>
								<line number="42" hits="0" branch="false"/>
							</lines>
						</method>
					</methods>
					<lines>
						<line number="12" hits="0" branch="false"/>
						<line number="13" hits="0" branch="false"/>
						<line number="14" hits="0" branch="false"/>
						<line number="15" hits="0" branch="false"/>
						<line number="19" hits="0" branch="false"/>
						<line number="23" hits="0" branch="false"/>
						<line number="24" hits="0" branch="false"/>
						<line number="28" hits="0" branch="false"/>
						<line number="32" hits="0" branch="false"/>
						<line number="33" hits="0" branch="false"/>
						<line number="37" hits="0" branch="false"/>
						<line number="41" hits="0" branch="false"/>
						<line number="42" hits="0" branch="false"/>
					</lines>
				</class>
			</classes>
		</package>
		<package name="japicmp.util" line-rate="0.8095238095238095" branch-rate="0.5098039215686274" complexity="3.25">
			<classes>
				<class name="japicmp.util.ModifierHelper" filename="japicmp/util/ModifierHelper.java" line-rate="0.6363636363636364" branch-rate="0.75" complexity="3.0">
					<methods>
						<method name="&lt;init&gt;" signature="()V" line-rate="0.0" branch-rate="1.0">
							<lines>
								<line number="9" hits="0" branch="false"/>
								<line number="11" hits="0" branch="false"/>
							</lines>
						</method>
						<method name="matchesModifierLevel" signature="(ILjapicmp/model/AccessModifier;)Z" line-rate="1.0" branch-rate="1.0">
							<lines>
								<line number="14" hits="6" branch="false"/>
								<line number="15" hits="6" branch="true" condition-coverage="100% (2/2)">
									<conditions>
										<condition number="0" type="jump" coverage="100%"/>
									</conditions>
								</line>
							</lines>
						</method>
						<method name="translateToModifierLevel" signature="(I)Ljapicmp/model/AccessModifier;" line-rate="0.7142857142857143" branch-rate="0.6666666666666666">
							<lines>
								<line number="19" hits="6" branch="true" condition-coverage="100% (2/2)">
									<conditions>
										<condition number="0" type="jump" coverage="100%"/>
									</conditions>
								</line>
								<line number="20" hits="3" branch="false"/>
								<line number="21" hits="3" branch="true" condition-coverage="50% (1/2)">
									<conditions>
										<condition number="0" type="jump" coverage="50%"/>
									</conditions>
								</line>
								<line number="22" hits="0" branch="false"/>
								<line number="23" hits="3" branch="true" condition-coverage="50% (1/2)">
									<conditions>
										<condition number="0" type="jump" coverage="50%"/>
									</conditions>
								</line>
								<line number="24" hits="3" branch="false"/>
								<line number="26" hits="0" branch="false"/>
							</lines>
						</method>
					</methods>
					<lines>
						<line number="9" hits="0" branch="false"/>
						<line number="11" hits="0" branch="false"/>
						<line number="14" hits="6" branch="false"/>
						<line number="15" hits="6" branch="true" condition-coverage="100% (2/2)">
							<conditions>
								<condition number="0" type="jump" coverage="100%"/>
							</conditions>
						</line>
						<line number="19" hits="6" branch="true" condition-coverage="100% (2/2)">
							<conditions>
								<condition number="0" type="jump" coverage="100%"/>
							</conditions>
						</line>
						<line number="20" hits="3" branch="false"/>
						<line number="21" hits="3" branch="true" condition-coverage="50% (1/2)">
							<conditions>
								<condition number="0" type="jump" coverage="50%"/>
							</conditions>
						</line>
						<line number="22" hits="0" branch="false"/>
						<line number="23" hits="3" branch="true" condition-coverage="50% (1/2)">
							<conditions>
								<condition number="0" type="jump" coverage="50%"/>
							</conditions>
						</line>
						<line number="24" hits="3" branch="false"/>
						<line number="26" hits="0" branch="false"/>
					</lines>
				</class>
				<class name="japicmp.util.SignatureParser" filename="japicmp/util/SignatureParser.java" line-rate="0.8253968253968254" branch-rate="0.41025641025641024" complexity="4.0">
					<methods>
						<method name="&lt;init&gt;" signature="()V" line-rate="1.0" branch-rate="1.0">
							<lines>
								<line number="6" hits="10" branch="false"/>
								<line number="7" hits="10" branch="false"/>
								<line number="8" hits="10" branch="false"/>
							</lines>
						</method>
						<method name="getParameters" signature="()Ljava/util/List;" line-rate="1.0" branch-rate="1.0">
							<lines>
								<line number="97" hits="20" branch="false"/>
							</lines>
						</method>
						<method name="getReturnType" signature="()Ljava/lang/String;" line-rate="1.0" branch-rate="1.0">
							<lines>
								<line number="101" hits="10" branch="false"/>
							</lines>
						</method>
						<method name="parse" signature="(Ljava/lang/String;)V" line-rate="1.0" branch-rate="0.5">
							<lines>
								<line number="11" hits="10" branch="false"/>
								<line number="12" hits="10" branch="true" condition-coverage="50% (1/2)">
									<conditions>
										<condition number="0" type="jump" coverage="50%"/>
									</conditions>
								</line>
								<line number="13" hits="10" branch="false"/>
								<line number="14" hits="10" branch="false"/>
								<line number="16" hits="10" branch="false"/>
							</lines>
						</method>
						<method name="parseParameters" signature="(Ljava/lang/String;I)V" line-rate="1.0" branch-rate="1.0">
							<lines>
								<line number="25" hits="10" branch="false"/>
								<line number="26" hits="10" branch="false"/>
								<line number="27" hits="10" branch="false"/>
								<line number="28" hits="10" branch="false"/>
								<line number="29" hits="10" branch="false"/>
							</lines>
						</method>
						<method name="parseReturnValue" signature="(Ljava/lang/String;I)V" line-rate="1.0" branch-rate="1.0">
							<lines>
								<line number="19" hits="10" branch="false"/>
								<line number="20" hits="10" branch="false"/>
								<line number="21" hits="10" branch="false"/>
								<line number="22" hits="10" branch="false"/>
							</lines>
						</method>
						<method name="parseTypes" signature="(Ljava/lang/String;)Ljava/util/List;" line-rate="0.75" branch-rate="0.40540540540540543">
							<lines>
								<line number="32" hits="20" branch="false"/>
								<line number="33" hits="20" branch="false"/>
								<line number="34" hits="44" branch="true" condition-coverage="100% (2/2)">
									<conditions>
										<condition number="0" type="jump" coverage="100%"/>
									</conditions>
								</line>
								<line number="35" hits="24" branch="false"/>
								<line number="36" hits="24" branch="false"/>
								<line number="37" hits="24" branch="true" condition-coverage="22% (6/27)">
									<conditions>
										<condition number="0" type="switch" coverage="22%"/>
									</conditions>
								</line>
								<line number="39" hits="0" branch="false"/>
								<line number="40" hits="0" branch="false"/>
								<line number="42" hits="2" branch="false"/>
								<line number="43" hits="2" branch="false"/>
								<line number="45" hits="0" branch="false"/>
								<line number="46" hits="0" branch="false"/>
								<line number="48" hits="0" branch="false"/>
								<line number="49" hits="0" branch="false"/>
								<line number="51" hits="3" branch="false"/>
								<line number="52" hits="3" branch="false"/>
								<line number="54" hits="1" branch="false"/>
								<line number="55" hits="1" branch="false"/>
								<line number="57" hits="0" branch="false"/>
								<line number="58" hits="0" branch="false"/>
								<line number="60" hits="0" branch="false"/>
								<line number="61" hits="0" branch="false"/>
								<line number="63" hits="6" branch="false"/>
								<line number="64" hits="6" branch="false"/>
								<line number="66" hits="3" branch="false"/>
								<line number="67" hits="3" branch="false"/>
								<line number="69" hits="9" branch="false"/>
								<line number="70" hits="9" branch="false"/>
								<line number="71" hits="281" branch="true" condition-coverage="50% (1/2)">
									<conditions>
										<condition number="0" type="jump" coverage="50%"/>
									</conditions>
								</line>
								<line number="72" hits="281" branch="false"/>
								<line number="73" hits="281" branch="true" condition-coverage="100% (2/2)">
									<conditions>
										<condition number="0" type="jump" coverage="100%"/>
									</conditions>
								</line>
								<line number="74" hits="9" branch="false"/>
								<line number="75" hits="272" branch="true" condition-coverage="100% (2/2)">
									<conditions>
										<condition number="0" type="jump" coverage="100%"/>
									</conditions>
								</line>
								<line number="76" hits="33" branch="false"/>
								<line number="78" hits="239" branch="false"/>
								<line number="80" hits="272" branch="false"/>
								<line number="82" hits="9" branch="false"/>
								<line number="83" hits="9" branch="false"/>
								<line number="85" hits="0" branch="false"/>
								<line number="87" hits="21" branch="true" condition-coverage="100% (2/2)">
									<conditions>
										<condition number="0" type="jump" coverage="100%"/>
									</conditions>
								</line>
								<line number="88" hits="3" branch="false"/>
								<line number="89" hits="3" branch="false"/>
								<line number="91" hits="21" branch="false"/>
								<line number="93" hits="20" branch="false"/>
							</lines>
						</method>
					</methods>
					<lines>
						<line number="6" hits="10" branch="false"/>
						<line number="7" hits="10" branch="false"/>
						<line number="8" hits="10" branch="false"/>
						<line number="11" hits="10" branch="false"/>
						<line number="12" hits="10" branch="true" condition-coverage="50% (1/2)">
							<conditions>
								<condition number="0" type="jump" coverage="50%"/>
							</conditions>
						</line>
						<line number="13" hits="10" branch="false"/>
						<line number="14" hits="10" branch="false"/>
						<line number="16" hits="10" branch="false"/>
						<line number="19" hits="10" branch="false"/>
						<line number="20" hits="10" branch="false"/>
						<line number="21" hits="10" branch="false"/>
						<line number="22" hits="10" branch="false"/>
						<line number="25" hits="10" branch="false"/>
						<line number="26" hits="10" branch="false"/>
						<line number="27" hits="10" branch="false"/>
						<line number="28" hits="10" branch="false"/>
						<line number="29" hits="10" branch="false"/>
						<line number="32" hits="20" branch="false"/>
						<line number="33" hits="20" branch="false"/>
						<line number="34" hits="44" branch="true" condition-coverage="100% (2/2)">
							<conditions>
								<condition number="0" type="jump" coverage="100%"/>
							</conditions>
						</line>
						<line number="35" hits="24" branch="false"/>
						<line number="36" hits="24" branch="false"/>
						<line number="37" hits="24" branch="true" condition-coverage="22% (6/27)">
							<conditions>
								<condition number="0" type="switch" coverage="22%"/>
							</conditions>
						</line>
						<line number="39" hits="0" branch="false"/>
						<line number="40" hits="0" branch="false"/>
						<line number="42" hits="2" branch="false"/>
						<line number="43" hits="2" branch="false"/>
						<line number="45" hits="0" branch="false"/>
						<line number="46" hits="0" branch="false"/>
						<line number="48" hits="0" branch="false"/>
						<line number="49" hits="0" branch="false"/>
						<line number="51" hits="3" branch="false"/>
						<line number="52" hits="3" branch="false"/>
						<line number="54" hits="1" branch="false"/>
						<line number="55" hits="1" branch="false"/>
						<line number="57" hits="0" branch="false"/>
						<line number="58" hits="0" branch="false"/>
						<line number="60" hits="0" branch="false"/>
						<line number="61" hits="0" branch="false"/>
						<line number="63" hits="6" branch="false"/>
						<line number="64" hits="6" branch="false"/>
						<line number="66" hits="3" branch="false"/>
						<line number="67" hits="3" branch="false"/>
						<line number="69" hits="9" branch="false"/>
						<line number="70" hits="9" branch="false"/>
						<line number="71" hits="281" branch="true" condition-coverage="50% (1/2)">
							<conditions>
								<condition number="0" type="jump" coverage="50%"/>
							</conditions>
						</line>
						<line number="72" hits="281" branch="false"/>
						<line number="73" hits="281" branch="true" condition-coverage="100% (2/2)">
							<conditions>
								<condition number="0" type="jump" coverage="100%"/>
							</conditions>
						</line>
						<line number="74" hits="9" branch="false"/>
						<line number="75" hits="272" branch="true" condition-coverage="100% (2/2)">
							<conditions>
								<condition number="0" type="jump" coverage="100%"/>
							</conditions>
						</line>
						<line number="76" hits="33" branch="false"/>
						<line number="78" hits="239" branch="false"/>
						<line number="80" hits="272" branch="false"/>
						<line number="82" hits="9" branch="false"/>
						<line number="83" hits="9" branch="false"/>
						<line number="85" hits="0" branch="false"/>
						<line number="87" hits="21" branch="true" condition-coverage="100% (2/2)">
							<conditions>
								<condition number="0" type="jump" coverage="100%"/>
							</conditions>
						</line>
						<line number="88" hits="3" branch="false"/>
						<line number="89" hits="3" branch="false"/>
						<line number="91" hits="21" branch="false"/>
						<line number="93" hits="20" branch="false"/>
						<line number="97" hits="20" branch="false"/>
						<line number="101" hits="10" branch="false"/>
					</lines>
				</class>
				<class name="japicmp.util.StringArrayEnumeration" filename="japicmp/util/StringArrayEnumeration.java" line-rate="0.9" branch-rate="1.0" complexity="2.0">
					<methods>
						<method name="&lt;init&gt;" signature="([Ljava/lang/String;)V" line-rate="1.0" branch-rate="1.0">
							<lines>
								<line number="9" hits="6" branch="false"/>
								<line number="11" hits="6" branch="false"/>
								<line number="12" hits="6" branch="false"/>
								<line number="13" hits="6" branch="false"/>
								<line number="14" hits="6" branch="false"/>
							</lines>
						</method>
						<method name="hasMoreElements" signature="()Z" line-rate="1.0" branch-rate="1.0">
							<lines>
								<line number="17" hits="38" branch="true" condition-coverage="100% (2/2)">
									<conditions>
										<condition number="0" type="jump" coverage="100%"/>
									</conditions>
								</line>
							</lines>
						</method>
						<method name="nextElement" signature="()Ljava/lang/Object;" line-rate="0.0" branch-rate="1.0">
							<lines>
								<line number="7" hits="0" branch="false"/>
							</lines>
						</method>
						<method name="nextElement" signature="()Ljava/lang/String;" line-rate="1.0" branch-rate="1.0">
							<lines>
								<line number="21" hits="17" branch="true" condition-coverage="100% (2/2)">
									<conditions>
										<condition number="0" type="jump" coverage="100%"/>
									</conditions>
								</line>
								<line number="22" hits="16" branch="false"/>
								<line number="24" hits="1" branch="false"/>
							</lines>
						</method>
					</methods>
					<lines>
						<line number="7" hits="0" branch="false"/>
						<line number="9" hits="6" branch="false"/>
						<line number="11" hits="6" branch="false"/>
						<line number="12" hits="6" branch="false"/>
						<line number="13" hits="6" branch="false"/>
						<line number="14" hits="6" branch="false"/>
						<line number="17" hits="38" branch="true" condition-coverage="100% (2/2)">
							<conditions>
								<condition number="0" type="jump" coverage="100%"/>
							</conditions>
						</line>
						<line number="21" hits="17" branch="true" condition-coverage="100% (2/2)">
							<conditions>
								<condition number="0" type="jump" coverage="100%"/>
							</conditions>
						</line>
						<line number="22" hits="16" branch="false"/>
						<line number="24" hits="1" branch="false"/>
					</lines>
				</class>
			</classes>
		</package>
	</packages>
</coverage>
